0 info it worked if it ends with ok
1 verbose cli [ 'D:\\Node\\\\node.exe',
1 verbose cli   'D:\\Node\\node_modules\\npm\\bin\\npm-cli.js',
1 verbose cli   'version',
1 verbose cli   '1.0.2' ]
2 info using npm@2.7.0
3 info using node@v0.10.33
4 verbose node symlink D:\Node\\node.exe
5 info git [ 'status', '--porcelain' ]
6 verbose stack Error: Git working directory not clean.
6 verbose stack M npm-debug.log
6 verbose stack     at D:\Node\node_modules\npm\lib\version.js:138:37
6 verbose stack     at D:\Node\node_modules\npm\lib\utils\git.js:26:8
6 verbose stack     at ChildProcess.exithandler (child_process.js:646:7)
6 verbose stack     at ChildProcess.emit (events.js:98:17)
6 verbose stack     at maybeClose (child_process.js:756:16)
6 verbose stack     at Process.ChildProcess._handle.onexit (child_process.js:823:5)
7 verbose cwd D:\Node\MY MODULES\parse-dates
8 error Windows_NT 6.1.7601
9 error argv "D:\\Node\\\\node.exe" "D:\\Node\\node_modules\\npm\\bin\\npm-cli.js" "version" "1.0.2"
10 error node v0.10.33
11 error npm  v2.7.0
12 error Git working directory not clean.
12 error M npm-debug.log
13 error If you need help, you may report this error at:
13 error     <http://github.com/npm/npm/issues>
14 verbose exit [ 1, true ]
